<?xml version="1.0" encoding="UTF-8"?>
<testng-results ignored="0" total="1" passed="1" failed="0" skipped="0">
  <reporter-output>
  </reporter-output>
  <suite started-at="2020-11-22T17:57:25 CST" name="Default suite" finished-at="2020-11-22T17:57:33 CST" duration-ms="7904">
    <groups>
    </groups>
    <test started-at="2020-11-22T17:57:25 CST" name="Default test" finished-at="2020-11-22T17:57:33 CST" duration-ms="7904">
      <class name="testcases.T_01forumhomepageValidation">
        <test-method is-config="true" signature="openbrowser()[pri:0, instance:testcases.T_01forumhomepageValidation@4f67eb2a]" started-at="2020-11-22T17:57:25 CST" name="openbrowser" finished-at="2020-11-22T17:57:31 CST" duration-ms="6155" status="PASS">
          <reporter-output>
          </reporter-output>
        </test-method> <!-- openbrowser -->
        <test-method signature="validateforumpage()[pri:0, instance:testcases.T_01forumhomepageValidation@4f67eb2a]" started-at="2020-11-22T17:57:31 CST" name="validateforumpage" finished-at="2020-11-22T17:57:32 CST" duration-ms="1525" status="PASS">
          <reporter-output>
          </reporter-output>
        </test-method> <!-- validateforumpage -->
        <test-method is-config="true" signature="closebrowser()[pri:0, instance:testcases.T_01forumhomepageValidation@4f67eb2a]" started-at="2020-11-22T17:57:32 CST" name="closebrowser" finished-at="2020-11-22T17:57:33 CST" duration-ms="191" status="PASS">
          <reporter-output>
          </reporter-output>
        </test-method> <!-- closebrowser -->
      </class> <!-- testcases.T_01forumhomepageValidation -->
    </test> <!-- Default test -->
  </suite> <!-- Default suite -->
</testng-results>
